<?xml version="1.0" encoding="UTF-8"?>
<testng-results ignored="0" total="1" passed="1" failed="0" skipped="0">
  <reporter-output>
  </reporter-output>
  <suite started-at="2022-07-12T14:19:47 IST" name="Failed suite [Opencart Test Suite]" finished-at="2022-07-12T14:20:37 IST" duration-ms="49948">
    <groups>
      <group name="regression">
        <method signature="TC_001_AccountRegistration.test_account_Registration()[pri:0, instance:testCases.TC_001_AccountRegistration@8462f31]" name="test_account_Registration" class="testCases.TC_001_AccountRegistration"/>
      </group> <!-- regression -->
      <group name="master">
        <method signature="TC_001_AccountRegistration.test_account_Registration()[pri:0, instance:testCases.TC_001_AccountRegistration@8462f31]" name="test_account_Registration" class="testCases.TC_001_AccountRegistration"/>
      </group> <!-- master -->
    </groups>
    <test started-at="2022-07-12T14:19:47 IST" name="Opencart Test(failed)" finished-at="2022-07-12T14:20:37 IST" duration-ms="49948">
      <class name="testCases.TC_001_AccountRegistration">
        <test-method is-config="true" signature="setup(java.lang.String)[pri:0, instance:testCases.TC_001_AccountRegistration@8462f31]" started-at="2022-07-12T14:19:47 IST" name="setup" finished-at="2022-07-12T14:19:56 IST" duration-ms="8517" status="PASS">
          <params>
            <param index="0">
              <value>
                <![CDATA[chrome]]>
              </value>
            </param>
          </params>
          <reporter-output>
          </reporter-output>
        </test-method> <!-- setup -->
        <test-method signature="test_account_Registration()[pri:0, instance:testCases.TC_001_AccountRegistration@8462f31]" started-at="2022-07-12T14:19:56 IST" name="test_account_Registration" finished-at="2022-07-12T14:20:37 IST" duration-ms="40895" status="PASS">
          <reporter-output>
          </reporter-output>
        </test-method> <!-- test_account_Registration -->
      </class> <!-- testCases.TC_001_AccountRegistration -->
    </test> <!-- Opencart Test(failed) -->
  </suite> <!-- Failed suite [Opencart Test Suite] -->
</testng-results>
